2022-01-20 16:25:54,508 INFO o.a.j.u.JMeterUtils: Setting Locale to en_EN
2022-01-20 16:25:54,542 INFO o.a.j.JMeter: Loading user properties from: /usr/local/Cellar/jmeter/5.4.3/libexec/bin/user.properties
2022-01-20 16:25:54,543 INFO o.a.j.JMeter: Loading system properties from: /usr/local/Cellar/jmeter/5.4.3/libexec/bin/system.properties
2022-01-20 16:25:54,550 INFO o.a.j.JMeter: Copyright (c) 1998-2021 The Apache Software Foundation
2022-01-20 16:25:54,551 INFO o.a.j.JMeter: Version 5.4.3
2022-01-20 16:25:54,551 INFO o.a.j.JMeter: java.version=17.0.1
2022-01-20 16:25:54,551 INFO o.a.j.JMeter: java.vm.name=OpenJDK 64-Bit Server VM
2022-01-20 16:25:54,551 INFO o.a.j.JMeter: os.name=Mac OS X
2022-01-20 16:25:54,551 INFO o.a.j.JMeter: os.arch=x86_64
2022-01-20 16:25:54,551 INFO o.a.j.JMeter: os.version=10.15.6
2022-01-20 16:25:54,551 INFO o.a.j.JMeter: file.encoding=UTF-8
2022-01-20 16:25:54,551 INFO o.a.j.JMeter: java.awt.headless=null
2022-01-20 16:25:54,551 INFO o.a.j.JMeter: Max memory     =1073741824
2022-01-20 16:25:54,551 INFO o.a.j.JMeter: Available Processors =12
2022-01-20 16:25:54,564 INFO o.a.j.JMeter: Default Locale=English (EN)
2022-01-20 16:25:54,564 INFO o.a.j.JMeter: JMeter  Locale=English (EN)
2022-01-20 16:25:54,564 INFO o.a.j.JMeter: JMeterHome=/usr/local/Cellar/jmeter/5.4.3/libexec
2022-01-20 16:25:54,564 INFO o.a.j.JMeter: user.dir  =/Users/queli/DEV/qc-playgrounds/codely/codely-ddd-sample-template
2022-01-20 16:25:54,565 INFO o.a.j.JMeter: PWD       =/Users/queli/DEV/qc-playgrounds/codely/codely-ddd-sample-template
2022-01-20 16:25:55,631 INFO o.a.j.JMeter: IP: 192.168.0.16 Name: MacBook-Pro-de-Queli.local FullName: 192.168.0.16
2022-01-20 16:25:56,226 INFO o.a.j.JMeter: Setting LAF to: laf:com.apple.laf.AquaLookAndFeel
2022-01-20 16:25:58,076 INFO o.a.j.JMeter: Loaded icon properties from org/apache/jmeter/images/icon.properties
2022-01-20 16:26:04,912 INFO o.j.r.JARSourceHTTP: Requesting https://jmeter-plugins.org/repo/?installID=mac_os_x-b97e6d85be8f562f6095a44fe0a9b0b9-gui
2022-01-20 16:26:06,579 INFO o.j.r.PluginManager: Plugins Status: [jpgc-plugins-manager=1.7, jmeter-core=5.4.3, jmeter-ftp=5.4.3, jmeter-http=5.4.3, jmeter-jdbc=5.4.3, jmeter-jms=5.4.3, jmeter-junit=5.4.3, jmeter-java=5.4.3, jmeter-ldap=5.4.3, jmeter-mail=5.4.3, jmeter-mongodb=5.4.3, jmeter-native=5.4.3, jmeter-tcp=5.4.3, jmeter-components=5.4.3]
2022-01-20 16:27:21,037 INFO o.a.j.p.h.s.HTTPSamplerBase: Parser for text/html is org.apache.jmeter.protocol.http.parser.LagartoBasedHtmlParser
2022-01-20 16:27:21,037 INFO o.a.j.p.h.s.HTTPSamplerBase: Parser for application/xhtml+xml is org.apache.jmeter.protocol.http.parser.LagartoBasedHtmlParser
2022-01-20 16:27:21,037 INFO o.a.j.p.h.s.HTTPSamplerBase: Parser for application/xml is org.apache.jmeter.protocol.http.parser.LagartoBasedHtmlParser
2022-01-20 16:27:21,037 INFO o.a.j.p.h.s.HTTPSamplerBase: Parser for text/xml is org.apache.jmeter.protocol.http.parser.LagartoBasedHtmlParser
2022-01-20 16:27:21,037 INFO o.a.j.p.h.s.HTTPSamplerBase: Parser for text/vnd.wap.wml is org.apache.jmeter.protocol.http.parser.RegexpHTMLParser
2022-01-20 16:27:21,038 INFO o.a.j.p.h.s.HTTPSamplerBase: Parser for text/css is org.apache.jmeter.protocol.http.parser.CssParser
2022-01-20 16:28:23,270 INFO o.a.j.s.FileServer: Default base='/Users/queli/DEV/qc-playgrounds/codely/codely-ddd-sample-template'
2022-01-20 16:28:23,283 INFO o.a.j.g.a.Load: Loading file: /Users/queli/Downloads/Summary Report.jmx
2022-01-20 16:28:23,283 INFO o.a.j.s.FileServer: Set new base='/Users/queli/Downloads'
2022-01-20 16:28:23,460 INFO o.a.j.s.SaveService: Testplan (JMX) version: 2.2. Testlog (JTL) version: 2.2
2022-01-20 16:28:23,468 INFO o.a.j.s.SaveService: Using SaveService properties version 5.0
2022-01-20 16:28:23,469 INFO o.a.j.s.SaveService: Using SaveService properties file encoding UTF-8
2022-01-20 16:28:23,470 INFO o.a.j.s.SaveService: Loading file: /Users/queli/Downloads/Summary Report.jmx
2022-01-20 16:28:23,673 INFO o.a.j.s.SampleResult: Note: Sample TimeStamps are START times
2022-01-20 16:28:23,673 INFO o.a.j.s.SampleResult: sampleresult.default.encoding is set to ISO-8859-1
2022-01-20 16:28:23,673 INFO o.a.j.s.SampleResult: sampleresult.useNanoTime=true
2022-01-20 16:28:23,673 INFO o.a.j.s.SampleResult: sampleresult.nanoThreadSleep=5000
2022-01-20 16:28:23,821 INFO o.a.j.v.ViewResultsFullVisualizer: Add JavaFX to your Java installation if you want to use renderer: org.apache.jmeter.visualizers.RenderInBrowser
2022-01-20 16:28:23,870 INFO o.a.j.s.FileServer: Set new base='/Users/queli/Downloads'
